build/app/intermediates/manifest_merge_blame_file/debug/processDebugMainManifest/manifest-merger-blame-debug-report.txt
1<?xml version="1.0" encoding="utf-8"?>
2<manifest xmlns:android="http://schemas.android.com/apk/res/android"
3    package="com.example.say_it_well"
4    android:versionCode="1"
5    android:versionName="1.0.0" >
6
7    <uses-sdk
8        android:minSdkVersion="24"
9        android:targetSdkVersion="35" />
10    <!--
11         The INTERNET permission is required for development. Specifically,
12         the Flutter tool needs it to communicate with the running application
13         to allow setting breakpoints, to provide hot reload, etc.
14    -->
15    <uses-permission android:name="android.permission.INTERNET" />
15-->src\debug\AndroidManifest.xml:6:5-66
15-->src\debug\AndroidManifest.xml:6:22-64
16    <uses-permission android:name="android.permission.RECORD_AUDIO" />
16-->src\main\AndroidManifest.xml:2:1-66
16-->src\main\AndroidManifest.xml:2:18-64
17    <!--
18 Required to query activities that can process text, see:
19         https://developer.android.com/training/package-visibility and
20         https://developer.android.com/reference/android/content/Intent#ACTION_PROCESS_TEXT.
21
22         In particular, this is used by the Flutter engine in io.flutter.plugin.text.ProcessTextPlugin.
23    -->
24    <queries>
24-->src\main\AndroidManifest.xml:42:5-47:15
25        <intent>
25-->src\main\AndroidManifest.xml:43:9-46:18
26            <action android:name="android.intent.action.PROCESS_TEXT" />
26-->src\main\AndroidManifest.xml:44:13-72
26-->src\main\AndroidManifest.xml:44:21-70
27
28            <data android:mimeType="text/plain" />
28-->src\main\AndroidManifest.xml:45:13-50
28-->src\main\AndroidManifest.xml:45:19-48
29        </intent>
30        <intent>
30-->[androidx.media:media:1.4.1] AndroidManifest.xml:25:9-27:18
31            <action android:name="android.media.browse.MediaBrowserService" />
31-->[androidx.media:media:1.4.1] AndroidManifest.xml:26:13-79
31-->[androidx.media:media:1.4.1] AndroidManifest.xml:26:21-76
32        </intent>
33    </queries>
34
35    <uses-permission android:name="android.permission.ACCESS_NETWORK_STATE" />
35-->[com.google.firebase:firebase-auth:23.2.0] AndroidManifest.xml:26:5-79
35-->[com.google.firebase:firebase-auth:23.2.0] AndroidManifest.xml:26:22-76
36    <uses-permission android:name="android.permission.BLUETOOTH" />
36-->[com.github.canardoux:flutter_sound_core:9.27.0] AndroidManifest.xml:7:5-68
36-->[com.github.canardoux:flutter_sound_core:9.27.0] AndroidManifest.xml:7:22-65
37    <uses-permission android:name="android.permission.WAKE_LOCK" />
37-->[com.github.canardoux:flutter_sound_core:9.27.0] AndroidManifest.xml:8:5-68
37-->[com.github.canardoux:flutter_sound_core:9.27.0] AndroidManifest.xml:8:22-65
38    <uses-permission android:name="android.permission.MODIFY_AUDIO_SETTINGS" />
38-->[com.github.canardoux:flutter_sound_core:9.27.0] AndroidManifest.xml:9:5-80
38-->[com.github.canardoux:flutter_sound_core:9.27.0] AndroidManifest.xml:9:22-77
39    <uses-permission android:name="Manifest.permission.CAPTURE_AUDIO_OUTPUT" />
39-->[com.github.canardoux:flutter_sound_core:9.27.0] AndroidManifest.xml:11:5-80
39-->[com.github.canardoux:flutter_sound_core:9.27.0] AndroidManifest.xml:11:22-77
40    <uses-permission android:name="com.google.android.providers.gsf.permission.READ_GSERVICES" />
40-->[com.google.android.recaptcha:recaptcha:18.6.1] AndroidManifest.xml:9:5-98
40-->[com.google.android.recaptcha:recaptcha:18.6.1] AndroidManifest.xml:9:22-95
41
42    <permission
42-->[androidx.core:core:1.13.1] AndroidManifest.xml:22:5-24:47
43        android:name="com.example.say_it_well.DYNAMIC_RECEIVER_NOT_EXPORTED_PERMISSION"
43-->[androidx.core:core:1.13.1] AndroidManifest.xml:23:9-81
44        android:protectionLevel="signature" />
44-->[androidx.core:core:1.13.1] AndroidManifest.xml:24:9-44
45
46    <uses-permission android:name="com.example.say_it_well.DYNAMIC_RECEIVER_NOT_EXPORTED_PERMISSION" />
46-->[androidx.core:core:1.13.1] AndroidManifest.xml:26:5-97
46-->[androidx.core:core:1.13.1] AndroidManifest.xml:26:22-94
47
48    <application
49        android:name="android.app.Application"
50        android:appComponentFactory="androidx.core.app.CoreComponentFactory"
50-->[androidx.core:core:1.13.1] AndroidManifest.xml:28:18-86
51        android:debuggable="true"
52        android:extractNativeLibs="false"
53        android:icon="@mipmap/ic_launcher"
54        android:label="say_it_well" >
55        <activity
56            android:name="com.example.say_it_well.MainActivity"
57            android:configChanges="orientation|keyboardHidden|keyboard|screenSize|smallestScreenSize|locale|layoutDirection|fontScale|screenLayout|density|uiMode"
58            android:exported="true"
59            android:hardwareAccelerated="true"
60            android:launchMode="singleTop"
61            android:taskAffinity=""
62            android:theme="@style/LaunchTheme"
63            android:windowSoftInputMode="adjustResize" >
64
65            <!--
66                 Specifies an Android theme to apply to this Activity as soon as
67                 the Android process has started. This theme is visible to the user
68                 while the Flutter UI initializes. After that, this theme continues
69                 to determine the Window background behind the Flutter UI.
70            -->
71            <meta-data
72                android:name="com.google.firebase.messaging.default_notification_channel_id"
73                android:resource="@style/NormalTheme"
74                android:value="default_channel" />
75
76            <intent-filter>
77                <action android:name="android.intent.action.MAIN" />
78
79                <category android:name="android.intent.category.LAUNCHER" />
80            </intent-filter>
81        </activity>
82        <!--
83             Don't delete the meta-data below.
84             This is used by the Flutter tool to generate GeneratedPluginRegistrant.java
85        -->
86        <meta-data
87            android:name="flutterEmbedding"
88            android:value="2" />
89
90        <service
90-->[:firebase_auth] AndroidManifest.xml:8:9-12:19
91            android:name="com.google.firebase.components.ComponentDiscoveryService"
91-->[:firebase_auth] AndroidManifest.xml:8:18-89
92            android:directBootAware="true"
92-->[com.google.firebase:firebase-common:21.0.0] AndroidManifest.xml:32:13-43
93            android:exported="false" >
93-->[com.google.firebase:firebase-auth:23.2.0] AndroidManifest.xml:68:13-37
94            <meta-data
94-->[:firebase_auth] AndroidManifest.xml:9:13-11:85
95                android:name="com.google.firebase.components:io.flutter.plugins.firebase.auth.FlutterFirebaseAuthRegistrar"
95-->[:firebase_auth] AndroidManifest.xml:10:17-124
96                android:value="com.google.firebase.components.ComponentRegistrar" />
96-->[:firebase_auth] AndroidManifest.xml:11:17-82
97            <meta-data
97-->[:cloud_firestore] AndroidManifest.xml:9:13-11:85
98                android:name="com.google.firebase.components:io.flutter.plugins.firebase.firestore.FlutterFirebaseFirestoreRegistrar"
98-->[:cloud_firestore] AndroidManifest.xml:10:17-134
99                android:value="com.google.firebase.components.ComponentRegistrar" />
99-->[:cloud_firestore] AndroidManifest.xml:11:17-82
100            <meta-data
100-->[:firebase_database] AndroidManifest.xml:9:13-11:85
101                android:name="com.google.firebase.components:io.flutter.plugins.firebase.database.FlutterFirebaseAppRegistrar"
101-->[:firebase_database] AndroidManifest.xml:10:17-127
102                android:value="com.google.firebase.components.ComponentRegistrar" />
102-->[:firebase_database] AndroidManifest.xml:11:17-82
103            <meta-data
103-->[:firebase_core] AndroidManifest.xml:9:13-11:85
104                android:name="com.google.firebase.components:io.flutter.plugins.firebase.core.FlutterFirebaseCoreRegistrar"
104-->[:firebase_core] AndroidManifest.xml:10:17-124
105                android:value="com.google.firebase.components.ComponentRegistrar" />
105-->[:firebase_core] AndroidManifest.xml:11:17-82
106            <meta-data
106-->[com.google.firebase:firebase-auth:23.2.0] AndroidManifest.xml:69:13-71:85
107                android:name="com.google.firebase.components:com.google.firebase.auth.FirebaseAuthRegistrar"
107-->[com.google.firebase:firebase-auth:23.2.0] AndroidManifest.xml:70:17-109
108                android:value="com.google.firebase.components.ComponentRegistrar" />
108-->[com.google.firebase:firebase-auth:23.2.0] AndroidManifest.xml:71:17-82
109            <meta-data
109-->[com.google.firebase:firebase-database:21.0.0] AndroidManifest.xml:29:13-31:85
110                android:name="com.google.firebase.components:com.google.firebase.database.FirebaseDatabaseKtxRegistrar"
110-->[com.google.firebase:firebase-database:21.0.0] AndroidManifest.xml:30:17-120
111                android:value="com.google.firebase.components.ComponentRegistrar" />
111-->[com.google.firebase:firebase-database:21.0.0] AndroidManifest.xml:31:17-82
112            <meta-data
112-->[com.google.firebase:firebase-database:21.0.0] AndroidManifest.xml:32:13-34:85
113                android:name="com.google.firebase.components:com.google.firebase.database.DatabaseRegistrar"
113-->[com.google.firebase:firebase-database:21.0.0] AndroidManifest.xml:33:17-109
114                android:value="com.google.firebase.components.ComponentRegistrar" />
114-->[com.google.firebase:firebase-database:21.0.0] AndroidManifest.xml:34:17-82
115            <meta-data
115-->[com.google.firebase:firebase-firestore:25.1.2] AndroidManifest.xml:17:13-19:85
116                android:name="com.google.firebase.components:com.google.firebase.firestore.FirebaseFirestoreKtxRegistrar"
116-->[com.google.firebase:firebase-firestore:25.1.2] AndroidManifest.xml:18:17-122
117                android:value="com.google.firebase.components.ComponentRegistrar" />
117-->[com.google.firebase:firebase-firestore:25.1.2] AndroidManifest.xml:19:17-82
118            <meta-data
118-->[com.google.firebase:firebase-firestore:25.1.2] AndroidManifest.xml:20:13-22:85
119                android:name="com.google.firebase.components:com.google.firebase.firestore.FirestoreRegistrar"
119-->[com.google.firebase:firebase-firestore:25.1.2] AndroidManifest.xml:21:17-111
120                android:value="com.google.firebase.components.ComponentRegistrar" />
120-->[com.google.firebase:firebase-firestore:25.1.2] AndroidManifest.xml:22:17-82
121            <meta-data
121-->[com.google.firebase:firebase-common-ktx:21.0.0] AndroidManifest.xml:12:13-14:85
122                android:name="com.google.firebase.components:com.google.firebase.ktx.FirebaseCommonLegacyRegistrar"
122-->[com.google.firebase:firebase-common-ktx:21.0.0] AndroidManifest.xml:13:17-116
123                android:value="com.google.firebase.components.ComponentRegistrar" />
123-->[com.google.firebase:firebase-common-ktx:21.0.0] AndroidManifest.xml:14:17-82
124            <meta-data
124-->[com.google.firebase:firebase-common:21.0.0] AndroidManifest.xml:35:13-37:85
125                android:name="com.google.firebase.components:com.google.firebase.FirebaseCommonKtxRegistrar"
125-->[com.google.firebase:firebase-common:21.0.0] AndroidManifest.xml:36:17-109
126                android:value="com.google.firebase.components.ComponentRegistrar" />
126-->[com.google.firebase:firebase-common:21.0.0] AndroidManifest.xml:37:17-82
127        </service>
128
129        <activity
129-->[com.google.firebase:firebase-auth:23.2.0] AndroidManifest.xml:29:9-46:20
130            android:name="com.google.firebase.auth.internal.GenericIdpActivity"
130-->[com.google.firebase:firebase-auth:23.2.0] AndroidManifest.xml:30:13-80
131            android:excludeFromRecents="true"
131-->[com.google.firebase:firebase-auth:23.2.0] AndroidManifest.xml:31:13-46
132            android:exported="true"
132-->[com.google.firebase:firebase-auth:23.2.0] AndroidManifest.xml:32:13-36
133            android:launchMode="singleTask"
133-->[com.google.firebase:firebase-auth:23.2.0] AndroidManifest.xml:33:13-44
134            android:theme="@android:style/Theme.Translucent.NoTitleBar" >
134-->[com.google.firebase:firebase-auth:23.2.0] AndroidManifest.xml:34:13-72
135            <intent-filter>
135-->[com.google.firebase:firebase-auth:23.2.0] AndroidManifest.xml:35:13-45:29
136                <action android:name="android.intent.action.VIEW" />
136-->[com.google.firebase:firebase-auth:23.2.0] AndroidManifest.xml:36:17-69
136-->[com.google.firebase:firebase-auth:23.2.0] AndroidManifest.xml:36:25-66
137
138                <category android:name="android.intent.category.DEFAULT" />
138-->[com.google.firebase:firebase-auth:23.2.0] AndroidManifest.xml:38:17-76
138-->[com.google.firebase:firebase-auth:23.2.0] AndroidManifest.xml:38:27-73
139                <category android:name="android.intent.category.BROWSABLE" />
139-->[com.google.firebase:firebase-auth:23.2.0] AndroidManifest.xml:39:17-78
139-->[com.google.firebase:firebase-auth:23.2.0] AndroidManifest.xml:39:27-75
140
141                <data
141-->src\main\AndroidManifest.xml:45:13-50
142                    android:host="firebase.auth"
143                    android:path="/"
144                    android:scheme="genericidp" />
145            </intent-filter>
146        </activity>
147        <activity
147-->[com.google.firebase:firebase-auth:23.2.0] AndroidManifest.xml:47:9-64:20
148            android:name="com.google.firebase.auth.internal.RecaptchaActivity"
148-->[com.google.firebase:firebase-auth:23.2.0] AndroidManifest.xml:48:13-79
149            android:excludeFromRecents="true"
149-->[com.google.firebase:firebase-auth:23.2.0] AndroidManifest.xml:49:13-46
150            android:exported="true"
150-->[com.google.firebase:firebase-auth:23.2.0] AndroidManifest.xml:50:13-36
151            android:launchMode="singleTask"
151-->[com.google.firebase:firebase-auth:23.2.0] AndroidManifest.xml:51:13-44
152            android:theme="@android:style/Theme.Translucent.NoTitleBar" >
152-->[com.google.firebase:firebase-auth:23.2.0] AndroidManifest.xml:52:13-72
153            <intent-filter>
153-->[com.google.firebase:firebase-auth:23.2.0] AndroidManifest.xml:53:13-63:29
154                <action android:name="android.intent.action.VIEW" />
154-->[com.google.firebase:firebase-auth:23.2.0] AndroidManifest.xml:36:17-69
154-->[com.google.firebase:firebase-auth:23.2.0] AndroidManifest.xml:36:25-66
155
156                <category android:name="android.intent.category.DEFAULT" />
156-->[com.google.firebase:firebase-auth:23.2.0] AndroidManifest.xml:38:17-76
156-->[com.google.firebase:firebase-auth:23.2.0] AndroidManifest.xml:38:27-73
157                <category android:name="android.intent.category.BROWSABLE" />
157-->[com.google.firebase:firebase-auth:23.2.0] AndroidManifest.xml:39:17-78
157-->[com.google.firebase:firebase-auth:23.2.0] AndroidManifest.xml:39:27-75
158
159                <data
159-->src\main\AndroidManifest.xml:45:13-50
160                    android:host="firebase.auth"
161                    android:path="/"
162                    android:scheme="recaptcha" />
163            </intent-filter>
164        </activity>
165
166        <provider
166-->[com.google.firebase:firebase-common:21.0.0] AndroidManifest.xml:23:9-28:39
167            android:name="com.google.firebase.provider.FirebaseInitProvider"
167-->[com.google.firebase:firebase-common:21.0.0] AndroidManifest.xml:24:13-77
168            android:authorities="com.example.say_it_well.firebaseinitprovider"
168-->[com.google.firebase:firebase-common:21.0.0] AndroidManifest.xml:25:13-72
169            android:directBootAware="true"
169-->[com.google.firebase:firebase-common:21.0.0] AndroidManifest.xml:26:13-43
170            android:exported="false"
170-->[com.google.firebase:firebase-common:21.0.0] AndroidManifest.xml:27:13-37
171            android:initOrder="100" />
171-->[com.google.firebase:firebase-common:21.0.0] AndroidManifest.xml:28:13-36
172
173        <uses-library
173-->[androidx.window:window:1.2.0] AndroidManifest.xml:23:9-25:40
174            android:name="androidx.window.extensions"
174-->[androidx.window:window:1.2.0] AndroidManifest.xml:24:13-54
175            android:required="false" />
175-->[androidx.window:window:1.2.0] AndroidManifest.xml:25:13-37
176        <uses-library
176-->[androidx.window:window:1.2.0] AndroidManifest.xml:26:9-28:40
177            android:name="androidx.window.sidecar"
177-->[androidx.window:window:1.2.0] AndroidManifest.xml:27:13-51
178            android:required="false" />
178-->[androidx.window:window:1.2.0] AndroidManifest.xml:28:13-37
179
180        <service
180-->[androidx.credentials:credentials-play-services-auth:1.2.0-rc01] AndroidManifest.xml:24:9-32:19
181            android:name="androidx.credentials.playservices.CredentialProviderMetadataHolder"
181-->[androidx.credentials:credentials-play-services-auth:1.2.0-rc01] AndroidManifest.xml:25:13-94
182            android:enabled="true"
182-->[androidx.credentials:credentials-play-services-auth:1.2.0-rc01] AndroidManifest.xml:26:13-35
183            android:exported="false" >
183-->[androidx.credentials:credentials-play-services-auth:1.2.0-rc01] AndroidManifest.xml:27:13-37
184            <meta-data
184-->[androidx.credentials:credentials-play-services-auth:1.2.0-rc01] AndroidManifest.xml:29:13-31:104
185                android:name="androidx.credentials.CREDENTIAL_PROVIDER_KEY"
185-->[androidx.credentials:credentials-play-services-auth:1.2.0-rc01] AndroidManifest.xml:30:17-76
186                android:value="androidx.credentials.playservices.CredentialProviderPlayServicesImpl" />
186-->[androidx.credentials:credentials-play-services-auth:1.2.0-rc01] AndroidManifest.xml:31:17-101
187        </service>
188
189        <activity
189-->[androidx.credentials:credentials-play-services-auth:1.2.0-rc01] AndroidManifest.xml:34:9-41:20
190            android:name="androidx.credentials.playservices.HiddenActivity"
190-->[androidx.credentials:credentials-play-services-auth:1.2.0-rc01] AndroidManifest.xml:35:13-76
191            android:configChanges="orientation|screenSize|screenLayout|keyboardHidden"
191-->[androidx.credentials:credentials-play-services-auth:1.2.0-rc01] AndroidManifest.xml:36:13-87
192            android:enabled="true"
192-->[androidx.credentials:credentials-play-services-auth:1.2.0-rc01] AndroidManifest.xml:37:13-35
193            android:exported="false"
193-->[androidx.credentials:credentials-play-services-auth:1.2.0-rc01] AndroidManifest.xml:38:13-37
194            android:fitsSystemWindows="true"
194-->[androidx.credentials:credentials-play-services-auth:1.2.0-rc01] AndroidManifest.xml:39:13-45
195            android:theme="@style/Theme.Hidden" >
195-->[androidx.credentials:credentials-play-services-auth:1.2.0-rc01] AndroidManifest.xml:40:13-48
196        </activity>
197        <activity
197-->[com.google.android.gms:play-services-auth:20.7.0] AndroidManifest.xml:23:9-27:75
198            android:name="com.google.android.gms.auth.api.signin.internal.SignInHubActivity"
198-->[com.google.android.gms:play-services-auth:20.7.0] AndroidManifest.xml:24:13-93
199            android:excludeFromRecents="true"
199-->[com.google.android.gms:play-services-auth:20.7.0] AndroidManifest.xml:25:13-46
200            android:exported="false"
200-->[com.google.android.gms:play-services-auth:20.7.0] AndroidManifest.xml:26:13-37
201            android:theme="@android:style/Theme.Translucent.NoTitleBar" />
201-->[com.google.android.gms:play-services-auth:20.7.0] AndroidManifest.xml:27:13-72
202        <!--
203            Service handling Google Sign-In user revocation. For apps that do not integrate with
204            Google Sign-In, this service will never be started.
205        -->
206        <service
206-->[com.google.android.gms:play-services-auth:20.7.0] AndroidManifest.xml:33:9-37:51
207            android:name="com.google.android.gms.auth.api.signin.RevocationBoundService"
207-->[com.google.android.gms:play-services-auth:20.7.0] AndroidManifest.xml:34:13-89
208            android:exported="true"
208-->[com.google.android.gms:play-services-auth:20.7.0] AndroidManifest.xml:35:13-36
209            android:permission="com.google.android.gms.auth.api.signin.permission.REVOCATION_NOTIFICATION"
209-->[com.google.android.gms:play-services-auth:20.7.0] AndroidManifest.xml:36:13-107
210            android:visibleToInstantApps="true" />
210-->[com.google.android.gms:play-services-auth:20.7.0] AndroidManifest.xml:37:13-48
211
212        <activity
212-->[com.google.android.gms:play-services-base:18.1.0] AndroidManifest.xml:20:9-22:45
213            android:name="com.google.android.gms.common.api.GoogleApiActivity"
213-->[com.google.android.gms:play-services-base:18.1.0] AndroidManifest.xml:20:19-85
214            android:exported="false"
214-->[com.google.android.gms:play-services-base:18.1.0] AndroidManifest.xml:22:19-43
215            android:theme="@android:style/Theme.Translucent.NoTitleBar" />
215-->[com.google.android.gms:play-services-base:18.1.0] AndroidManifest.xml:21:19-78
216
217        <provider
217-->[androidx.lifecycle:lifecycle-process:2.7.0] AndroidManifest.xml:24:9-32:20
218            android:name="androidx.startup.InitializationProvider"
218-->[androidx.lifecycle:lifecycle-process:2.7.0] AndroidManifest.xml:25:13-67
219            android:authorities="com.example.say_it_well.androidx-startup"
219-->[androidx.lifecycle:lifecycle-process:2.7.0] AndroidManifest.xml:26:13-68
220            android:exported="false" >
220-->[androidx.lifecycle:lifecycle-process:2.7.0] AndroidManifest.xml:27:13-37
221            <meta-data
221-->[androidx.lifecycle:lifecycle-process:2.7.0] AndroidManifest.xml:29:13-31:52
222                android:name="androidx.lifecycle.ProcessLifecycleInitializer"
222-->[androidx.lifecycle:lifecycle-process:2.7.0] AndroidManifest.xml:30:17-78
223                android:value="androidx.startup" />
223-->[androidx.lifecycle:lifecycle-process:2.7.0] AndroidManifest.xml:31:17-49
224            <meta-data
224-->[androidx.profileinstaller:profileinstaller:1.3.1] AndroidManifest.xml:29:13-31:52
225                android:name="androidx.profileinstaller.ProfileInstallerInitializer"
225-->[androidx.profileinstaller:profileinstaller:1.3.1] AndroidManifest.xml:30:17-85
226                android:value="androidx.startup" />
226-->[androidx.profileinstaller:profileinstaller:1.3.1] AndroidManifest.xml:31:17-49
227        </provider>
228
229        <meta-data
229-->[com.google.android.gms:play-services-basement:18.4.0] AndroidManifest.xml:6:9-122
230            android:name="com.google.android.gms.version"
230-->[com.google.android.gms:play-services-basement:18.4.0] AndroidManifest.xml:6:20-65
231            android:value="@integer/google_play_services_version" />
231-->[com.google.android.gms:play-services-basement:18.4.0] AndroidManifest.xml:6:66-119
232
233        <receiver
233-->[androidx.profileinstaller:profileinstaller:1.3.1] AndroidManifest.xml:34:9-52:20
234            android:name="androidx.profileinstaller.ProfileInstallReceiver"
234-->[androidx.profileinstaller:profileinstaller:1.3.1] AndroidManifest.xml:35:13-76
235            android:directBootAware="false"
235-->[androidx.profileinstaller:profileinstaller:1.3.1] AndroidManifest.xml:36:13-44
236            android:enabled="true"
236-->[androidx.profileinstaller:profileinstaller:1.3.1] AndroidManifest.xml:37:13-35
237            android:exported="true"
237-->[androidx.profileinstaller:profileinstaller:1.3.1] AndroidManifest.xml:38:13-36
238            android:permission="android.permission.DUMP" >
238-->[androidx.profileinstaller:profileinstaller:1.3.1] AndroidManifest.xml:39:13-57
239            <intent-filter>
239-->[androidx.profileinstaller:profileinstaller:1.3.1] AndroidManifest.xml:40:13-42:29
240                <action android:name="androidx.profileinstaller.action.INSTALL_PROFILE" />
240-->[androidx.profileinstaller:profileinstaller:1.3.1] AndroidManifest.xml:41:17-91
240-->[androidx.profileinstaller:profileinstaller:1.3.1] AndroidManifest.xml:41:25-88
241            </intent-filter>
242            <intent-filter>
242-->[androidx.profileinstaller:profileinstaller:1.3.1] AndroidManifest.xml:43:13-45:29
243                <action android:name="androidx.profileinstaller.action.SKIP_FILE" />
243-->[androidx.profileinstaller:profileinstaller:1.3.1] AndroidManifest.xml:44:17-85
243-->[androidx.profileinstaller:profileinstaller:1.3.1] AndroidManifest.xml:44:25-82
244            </intent-filter>
245            <intent-filter>
245-->[androidx.profileinstaller:profileinstaller:1.3.1] AndroidManifest.xml:46:13-48:29
246                <action android:name="androidx.profileinstaller.action.SAVE_PROFILE" />
246-->[androidx.profileinstaller:profileinstaller:1.3.1] AndroidManifest.xml:47:17-88
246-->[androidx.profileinstaller:profileinstaller:1.3.1] AndroidManifest.xml:47:25-85
247            </intent-filter>
248            <intent-filter>
248-->[androidx.profileinstaller:profileinstaller:1.3.1] AndroidManifest.xml:49:13-51:29
249                <action android:name="androidx.profileinstaller.action.BENCHMARK_OPERATION" />
249-->[androidx.profileinstaller:profileinstaller:1.3.1] AndroidManifest.xml:50:17-95
249-->[androidx.profileinstaller:profileinstaller:1.3.1] AndroidManifest.xml:50:25-92
250            </intent-filter>
251        </receiver> <!-- The activities will be merged into the manifest of the hosting app. -->
252        <activity
252-->[com.google.android.play:core-common:2.0.3] AndroidManifest.xml:14:9-18:65
253            android:name="com.google.android.play.core.common.PlayCoreDialogWrapperActivity"
253-->[com.google.android.play:core-common:2.0.3] AndroidManifest.xml:15:13-93
254            android:exported="false"
254-->[com.google.android.play:core-common:2.0.3] AndroidManifest.xml:16:13-37
255            android:stateNotNeeded="true"
255-->[com.google.android.play:core-common:2.0.3] AndroidManifest.xml:17:13-42
256            android:theme="@style/Theme.PlayCore.Transparent" />
256-->[com.google.android.play:core-common:2.0.3] AndroidManifest.xml:18:13-62
257    </application>
258
259</manifest>